0 info it worked if it ends with ok
1 verbose cli [ 'C:\\Program Files\\nodejs\\node.exe',
1 verbose cli   'C:\\Users\\rsakhidas\\AppData\\Roaming\\npm\\node_modules\\npm\\bin\\npm-cli.js',
1 verbose cli   'install',
1 verbose cli   '--save',
1 verbose cli   'h5bp' ]
2 info using npm@3.5.1
3 info using node@v4.2.3
4 silly loadCurrentTree Starting
5 silly install loadCurrentTree
6 silly install readLocalPackageData
7 silly fetchPackageMetaData h5bp
8 silly fetchNamedPackageData h5bp
9 silly mapToRegistry name h5bp
10 silly mapToRegistry using default registry
11 silly mapToRegistry registry http://registry.npmjs.org/
12 silly mapToRegistry uri http://registry.npmjs.org/h5bp
13 verbose request uri http://registry.npmjs.org/h5bp
14 verbose request no auth needed
15 info attempt registry request try #1 at 12:39:22 PM
16 verbose request id 74e25b927d9bb096
17 verbose etag "BL39A6Q60XKOLLS0ELRL5UJBL"
18 http request GET http://registry.npmjs.org/h5bp
19 http 304 http://registry.npmjs.org/h5bp
20 verbose headers { via: '1.1 varnish, 1.1 ISASERVER',
20 verbose headers   connection: 'Keep-Alive',
20 verbose headers   'proxy-connection': 'Keep-Alive',
20 verbose headers   age: '70',
20 verbose headers   date: 'Thu, 25 Feb 2016 07:09:22 GMT',
20 verbose headers   etag: '"BL39A6Q60XKOLLS0ELRL5UJBL"',
20 verbose headers   'cache-control': 'max-age=300',
20 verbose headers   'x-served-by': 'cache-sin6925-SIN',
20 verbose headers   'x-cache': 'HIT',
20 verbose headers   'x-cache-hits': '1',
20 verbose headers   'x-timer': 'S1456384162.154926,VS0,VE0',
20 verbose headers   vary: 'Accept' }
21 silly get cb [ 304,
21 silly get   { via: '1.1 varnish, 1.1 ISASERVER',
21 silly get     connection: 'Keep-Alive',
21 silly get     'proxy-connection': 'Keep-Alive',
21 silly get     age: '70',
21 silly get     date: 'Thu, 25 Feb 2016 07:09:22 GMT',
21 silly get     etag: '"BL39A6Q60XKOLLS0ELRL5UJBL"',
21 silly get     'cache-control': 'max-age=300',
21 silly get     'x-served-by': 'cache-sin6925-SIN',
21 silly get     'x-cache': 'HIT',
21 silly get     'x-cache-hits': '1',
21 silly get     'x-timer': 'S1456384162.154926,VS0,VE0',
21 silly get     vary: 'Accept' } ]
22 verbose etag http://registry.npmjs.org/h5bp from cache
23 verbose get saving h5bp to C:\Users\rsakhidas\AppData\Roaming\npm-cache\registry.npmjs.org\h5bp\.cache.json
24 silly install normalizeTree
25 silly loadCurrentTree Finishing
26 silly loadIdealTree Starting
27 silly install loadIdealTree
28 silly cloneCurrentTree Starting
29 silly install cloneCurrentTreeToIdealTree
30 silly cloneCurrentTree Finishing
31 silly loadShrinkwrap Starting
32 silly install loadShrinkwrap
33 silly loadShrinkwrap Finishing
34 silly loadAllDepsIntoIdealTree Starting
35 silly install loadAllDepsIntoIdealTree
36 silly rollbackFailedOptional Starting
37 silly rollbackFailedOptional Finishing
38 silly runTopLevelLifecycles Starting
39 silly runTopLevelLifecycles Finishing
40 silly install printInstalled
41 verbose stack Error: Refusing to install h5bp as a dependency of itself
41 verbose stack     at checkSelf (C:\Users\rsakhidas\AppData\Roaming\npm\node_modules\npm\lib\install\validate-args.js:40:14)
41 verbose stack     at Array.<anonymous> (C:\Users\rsakhidas\AppData\Roaming\npm\node_modules\npm\node_modules\slide\lib\bind-actor.js:15:8)
41 verbose stack     at LOOP (C:\Users\rsakhidas\AppData\Roaming\npm\node_modules\npm\node_modules\slide\lib\chain.js:15:14)
41 verbose stack     at chain (C:\Users\rsakhidas\AppData\Roaming\npm\node_modules\npm\node_modules\slide\lib\chain.js:20:5)
41 verbose stack     at C:\Users\rsakhidas\AppData\Roaming\npm\node_modules\npm\lib\install\validate-args.js:15:5
41 verbose stack     at C:\Users\rsakhidas\AppData\Roaming\npm\node_modules\npm\node_modules\slide\lib\async-map.js:52:35
41 verbose stack     at Array.forEach (native)
41 verbose stack     at C:\Users\rsakhidas\AppData\Roaming\npm\node_modules\npm\node_modules\slide\lib\async-map.js:52:11
41 verbose stack     at Array.forEach (native)
41 verbose stack     at asyncMap (C:\Users\rsakhidas\AppData\Roaming\npm\node_modules\npm\node_modules\slide\lib\async-map.js:51:8)
42 verbose cwd D:\R & D\Doctor Search
43 error Windows_NT 6.1.7601
44 error argv "C:\\Program Files\\nodejs\\node.exe" "C:\\Users\\rsakhidas\\AppData\\Roaming\\npm\\node_modules\\npm\\bin\\npm-cli.js" "install" "--save" "h5bp"
45 error node v4.2.3
46 error npm  v3.5.1
47 error code ENOSELF
48 error Refusing to install h5bp as a dependency of itself
49 error If you need help, you may report this error at:
49 error     <https://github.com/npm/npm/issues>
50 verbose exit [ 1, true ]
